<?xml version="1.0" encoding="UTF-8"?>
<!-- Generated by org.testng.reporters.JUnitReportReporter -->
<testsuite hostname="QT-INBG-LT0703" failures="0" tests="3" name="allMobiles.order" time="17.133" errors="0" timestamp="2022-06-17T08:46:19 IST" skipped="0">
  <testcase classname="allMobiles.order" name="Lanching_the_Browser" time="7.355"/>
  <system-out/>
  <testcase classname="allMobiles.order" name="search" time="4.602"/>
  <system-out/>
  <testcase classname="allMobiles.order" name="Order" time="5.176"/>
  <system-out/>
</testsuite> <!-- allMobiles.order -->
