<?xml version="1.0" encoding="UTF-8"?>
<!-- Generated by org.testng.reporters.JUnitReportReporter -->
<testsuite hostname="QT-INBG-LT0703" failures="0" tests="2" name="allMobiles.signup" time="7.947" errors="0" timestamp="2022-06-17T08:46:19 IST" skipped="0">
  <testcase classname="allMobiles.signup" name="Sigup_for_mobiles" time="4.416"/>
  <system-out/>
  <testcase classname="allMobiles.signup" name="Lanching_the_Browser" time="3.531"/>
  <system-out/>
</testsuite> <!-- allMobiles.signup -->
