<?xml version="1.0" encoding="UTF-8"?>
<!-- Generated by org.testng.reporters.JUnitReportReporter -->
<testsuite hostname="QT-INBG-LT0703" failures="0" tests="2" name="allMobiles.contactus" time="9.773" errors="0" timestamp="2022-06-17T08:46:19 IST" skipped="0">
  <testcase classname="allMobiles.contactus" name="Lanching_the_Browser" time="6.091"/>
  <system-out/>
  <testcase classname="allMobiles.contactus" name="contactUs" time="3.682"/>
  <system-out/>
</testsuite> <!-- allMobiles.contactus -->
