<?xml version="1.0" encoding="UTF-8"?>
<!-- Generated by org.testng.reporters.JUnitReportReporter -->
<testsuite hostname="QT-INBG-LT0703" failures="0" tests="1" name="allMobiles.launcher" time="4.633" errors="0" timestamp="2022-06-17T08:46:19 IST" skipped="0">
  <testcase classname="allMobiles.launcher" name="Lanching_the_Browser" time="4.633"/>
  <system-out/>
</testsuite> <!-- allMobiles.launcher -->
